<?xml version="1.0" encoding="UTF-8"?>
<testng-results ignored="0" total="1" passed="1" failed="0" skipped="0">
  <reporter-output>
    <line>
      <![CDATA[https://demowebshop.tricentis.com/]]>
    </line>
    <line>
      <![CDATA[abhis@1234]]>
    </line>
    <line>
      <![CDATA[abhis1234@gmail.com]]>
    </line>
    <line>
      <![CDATA[home page is displayed]]>
    </line>
  </reporter-output>
  <suite started-at="2024-07-31T15:10:01 IST" name="Surefire suite" finished-at="2024-07-31T15:10:12 IST" duration-ms="10682">
    <groups>
    </groups>
    <test started-at="2024-07-31T15:10:01 IST" name="Surefire test" finished-at="2024-07-31T15:10:12 IST" duration-ms="10682">
      <class name="demo.Assignmentmvn">
        <test-method signature="demoSkill()[pri:0, instance:demo.Assignmentmvn@7219ec67]" started-at="2024-07-31T15:10:01 IST" name="demoSkill" finished-at="2024-07-31T15:10:12 IST" duration-ms="10626" status="PASS">
          <reporter-output>
            <line>
              <![CDATA[https://demowebshop.tricentis.com/]]>
            </line>
            <line>
              <![CDATA[abhis@1234]]>
            </line>
            <line>
              <![CDATA[abhis1234@gmail.com]]>
            </line>
            <line>
              <![CDATA[home page is displayed]]>
            </line>
          </reporter-output>
        </test-method> <!-- demoSkill -->
      </class> <!-- demo.Assignmentmvn -->
    </test> <!-- Surefire test -->
  </suite> <!-- Surefire suite -->
</testng-results>
