<?xml version="1.0" encoding="UTF-8"?>
<testng-results ignored="0" total="1" passed="1" failed="0" skipped="0">
  <reporter-output>
  </reporter-output>
  <suite started-at="2024-08-10T10:59:58 IST" name="Default suite" finished-at="2024-08-10T11:00:05 IST" duration-ms="7117">
    <groups>
    </groups>
    <test started-at="2024-08-10T10:59:58 IST" name="Default test" finished-at="2024-08-10T11:00:05 IST" duration-ms="7117">
      <class name="extentReports.ToAddScreenshotIntoReport">
        <test-method signature="addScreenshot()[pri:0, instance:extentReports.ToAddScreenshotIntoReport@31304f14]" started-at="2024-08-10T10:59:58 IST" name="addScreenshot" finished-at="2024-08-10T11:00:05 IST" duration-ms="7068" status="PASS">
          <reporter-output>
          </reporter-output>
        </test-method> <!-- addScreenshot -->
      </class> <!-- extentReports.ToAddScreenshotIntoReport -->
    </test> <!-- Default test -->
  </suite> <!-- Default suite -->
</testng-results>
